-------- Launch arguments --------
Master:                    s08r2b09
Workers:                    s08r2b10
Tasks per Node:            -1
CPUs per Node:             48
GPUs per Node:             0
FPGAs per Node:            0
CPU Affinity:              automatic
GPU Affinity:              automatic
FPGA Affinity:             automatic
FPGA reprogram command:    
Network:                   -ib0
Worker in Master CPUs:     0
Worker in Master Memory:   92
Master Port:               43813
Master WD:                 /home/bsc19/bsc19533/autoparallel/lu/userparallel/results/mn/
Worker WD:                 /scratch/tmp
Master JVM Opts:           
Workers JVM Opts:          -Xms16000m,-Xmx92000m,-Xmn1600m
Worker in Master JVM Opts: 
Library Path:              /gpfs/projects/bsc19/bsc19533/autoparallel/lu/userparallel/results/mn
Classpath:                 /gpfs/projects/bsc19/bsc19533/autoparallel/lu/userparallel/results/mn
Pythonpath:                /home/bsc19/bsc19533/autoparallel/lu/userparallel
Appdir:			   /gpfs/projects/bsc19/bsc19533/autoparallel/lu/userparallel/results/mn
Lang:                      python
COMM:                      es.bsc.compss.nio.master.NIOAdaptor
Prolog:                    
Epilog:                    
Storage conf:              null
Task execution:            compss
To COMPSs:                  --tracing=false --graph=false --summary --log_level=off --pythonpath=/home/bsc19/bsc19533/autoparallel/lu/userparallel --lang=python /home/bsc19/bsc19533/autoparallel/lu/userparallel/lu.py 6 2048
-----------------------------------
 
Master will run in s08r2b09
List of workers:  s08r2b10
Worker WD mkdir: srun -n1 -N1 --nodelist=s08r2b10 mkdir -p /scratch/tmp
Generation of resources and project file finished
Project.xml:   /scratch/tmp/project_mn_1523647325.xml
Resources.xml: /scratch/tmp/resources_1523647325.xml
---- Executing Prolog actions ----
------ Launching application ------
CMD Worker 1 launcher: srun -n1 -N1 --nodelist=s08r2b10 /apps/COMPSs/TrunkAutoParallel/Runtime/scripts/user/../../..//Runtime/scripts/system/adaptors/nio/persistent_worker_starter.sh /gpfs/projects/bsc19/bsc19533/autoparallel/lu/userparallel/results/mn             /gpfs/projects/bsc19/bsc19533/autoparallel/lu/userparallel/results/mn             /gpfs/projects/bsc19/bsc19533/autoparallel/lu/userparallel/results/mn             3             -Xms16000m -Xmx92000m -Xmn1600m             0                          false             5             5             s08r2b10-ib0             43001             43813             48             0             0             automatic             automatic             automatic             -1             662363b5-502e-4370-aa94-fa69ee0cf628             python             /scratch/tmp/662363b5-502e-4370-aa94-fa69ee0cf628/s08r2b10-ib0             /apps/COMPSs/TrunkAutoParallel/Runtime/scripts/user/../../../             /gpfs/projects/bsc19/bsc19533/autoparallel/lu/userparallel/results/mn             /gpfs/projects/bsc19/bsc19533/autoparallel/lu/userparallel/results/mn             /gpfs/projects/bsc19/bsc19533/autoparallel/lu/userparallel/results/mn             /home/bsc19/bsc19533/autoparallel/lu/userparallel             0             null             1             null             compss 	    false
CMD Master: /apps/COMPSs/TrunkAutoParallel/Runtime/scripts/user/../../..//Runtime/scripts/user/runcompss --project=/scratch/tmp/project_mn_1523647325.xml             --resources=/scratch/tmp/resources_1523647325.xml             --uuid=662363b5-502e-4370-aa94-fa69ee0cf628             --specific_log_dir=/home/bsc19/bsc19533/autoparallel/lu/userparallel/results/mn//.COMPSs/1439266/             --master_name=s08r2b09-ib0             --master_port=43813             --jvm_master_opts=""             --jvm_workers_opts="-Xms16000m,-Xmx92000m,-Xmn1600m"  --tracing=false --graph=false --summary --log_level=off --pythonpath=/home/bsc19/bsc19533/autoparallel/lu/userparallel --lang=python /home/bsc19/bsc19533/autoparallel/lu/userparallel/lu.py 6 2048
[  INFO] Using default execution type: compss

----------------- Executing lu.py --------------------------

[(529)    API]  -  Starting COMPSs Runtime v2.2.rc1803 (build 20180411-1500.ra75f15f3c65db2209bf60a1004053b073d91d2fb)

[ WARNING ]:	guppy module is not installed.
		Guppy is a module needed for the local decorator.
		The local decorator allows you to define non-task functions which are able to
		handle synchronizations implictly.
		PyCOMPSs can work withouth guppy, but it is recommended to have it installed.
		You can install it via pip typing pip install guppy, or (probably) with your package manager.

RESULTS -----------------
VERSION USERPARALLEL
MSIZE 6
BSIZE 2048
DEBUG False
TOTAL_TIME 28.9674971104
INIT_TIME 3.13741111755
LU_TIME 25.8300859928
-------------------------
[(30126)    API]  -  ------- COMPSs Task Execution Summary per Worker ------
[(30126)    API]  -  --- Summary for COMPSs Worker s08r2b10-ib0
[(30126)    API]  -  36 lu.create_block tasks have been executed
[(30126)    API]  -  85 lu.invert_triangular tasks have been executed
[(30126)    API]  -  85 lu.multiply tasks have been executed
[(30126)    API]  -  55 lu.dgemm tasks have been executed
[(30126)    API]  -  6 lu.custom_lu tasks have been executed
[(30127)    API]  -  --- Total executed tasks in COMPSs Worker s08r2b10-ib0: 267
[(30127)    API]  -  -------------------------------------------------------
[(30127)    API]  -  
[(30127)    API]  -  ------------ COMPSs Task Execution Summary ------------
[(30127)    API]  -  36 lu.create_block tasks have been executed
[(30127)    API]  -  85 lu.invert_triangular tasks have been executed
[(30127)    API]  -  85 lu.multiply tasks have been executed
[(30127)    API]  -  55 lu.dgemm tasks have been executed
[(30127)    API]  -  6 lu.custom_lu tasks have been executed
[(30127)    API]  -  Total executed tasks: 267
[(30127)    API]  -  -------------------------------------------------------
[(32287)    API]  -  Execution Finished

------------------------------------------------------------
Waiting for application completion
[persistent_worker.sh] Clean WD /scratch/tmp/662363b5-502e-4370-aa94-fa69ee0cf628/s08r2b10-ib0
---- Executing Epilog actions ----
Cleanup Worker TMP files
- Removing /scratch/tmp/662363b5-502e-4370-aa94-fa69ee0cf628
Cleanup TMP files
