-------- Launch arguments --------
Master:                    s03r1b56
Workers:                    s03r1b63
Tasks per Node:            -1
CPUs per Node:             48
GPUs per Node:             0
FPGAs per Node:            0
CPU Affinity:              automatic
GPU Affinity:              automatic
FPGA Affinity:             automatic
FPGA reprogram command:    
Network:                   -ib0
Worker in Master CPUs:     0
Worker in Master Memory:   92
Master Port:               43952
Master WD:                 /home/bsc19/bsc19533/autoparallel/lu/userparallel/results/mn/
Worker WD:                 /scratch/tmp
Master JVM Opts:           
Workers JVM Opts:          -Xms16000m,-Xmx92000m,-Xmn1600m
Worker in Master JVM Opts: 
Library Path:              /gpfs/projects/bsc19/bsc19533/autoparallel/lu/userparallel/results/mn
Classpath:                 /gpfs/projects/bsc19/bsc19533/autoparallel/lu/userparallel/results/mn
Pythonpath:                /home/bsc19/bsc19533/autoparallel/lu/userparallel
Appdir:			   /gpfs/projects/bsc19/bsc19533/autoparallel/lu/userparallel/results/mn
Lang:                      python
COMM:                      es.bsc.compss.nio.master.NIOAdaptor
Prolog:                    
Epilog:                    
Storage conf:              null
Task execution:            compss
To COMPSs:                  --tracing=false --graph=false --summary --log_level=off --pythonpath=/home/bsc19/bsc19533/autoparallel/lu/userparallel --lang=python /home/bsc19/bsc19533/autoparallel/lu/userparallel/lu.py 8 2048
-----------------------------------
 
Master will run in s03r1b56
List of workers:  s03r1b63
Worker WD mkdir: srun -n1 -N1 --nodelist=s03r1b63 mkdir -p /scratch/tmp
Generation of resources and project file finished
Project.xml:   /scratch/tmp/project_mn_1523647754.xml
Resources.xml: /scratch/tmp/resources_1523647754.xml
---- Executing Prolog actions ----
------ Launching application ------
CMD Worker 1 launcher: srun -n1 -N1 --nodelist=s03r1b63 /apps/COMPSs/TrunkAutoParallel/Runtime/scripts/user/../../..//Runtime/scripts/system/adaptors/nio/persistent_worker_starter.sh /gpfs/projects/bsc19/bsc19533/autoparallel/lu/userparallel/results/mn             /gpfs/projects/bsc19/bsc19533/autoparallel/lu/userparallel/results/mn             /gpfs/projects/bsc19/bsc19533/autoparallel/lu/userparallel/results/mn             3             -Xms16000m -Xmx92000m -Xmn1600m             0                          false             5             5             s03r1b63-ib0             43001             43952             48             0             0             automatic             automatic             automatic             -1             321a6d00-f88c-4b8f-810f-c2c0ab8daa92             python             /scratch/tmp/321a6d00-f88c-4b8f-810f-c2c0ab8daa92/s03r1b63-ib0             /apps/COMPSs/TrunkAutoParallel/Runtime/scripts/user/../../../             /gpfs/projects/bsc19/bsc19533/autoparallel/lu/userparallel/results/mn             /gpfs/projects/bsc19/bsc19533/autoparallel/lu/userparallel/results/mn             /gpfs/projects/bsc19/bsc19533/autoparallel/lu/userparallel/results/mn             /home/bsc19/bsc19533/autoparallel/lu/userparallel             0             null             1             null             compss 	    false
CMD Master: /apps/COMPSs/TrunkAutoParallel/Runtime/scripts/user/../../..//Runtime/scripts/user/runcompss --project=/scratch/tmp/project_mn_1523647754.xml             --resources=/scratch/tmp/resources_1523647754.xml             --uuid=321a6d00-f88c-4b8f-810f-c2c0ab8daa92             --specific_log_dir=/home/bsc19/bsc19533/autoparallel/lu/userparallel/results/mn//.COMPSs/1439274/             --master_name=s03r1b56-ib0             --master_port=43952             --jvm_master_opts=""             --jvm_workers_opts="-Xms16000m,-Xmx92000m,-Xmn1600m"  --tracing=false --graph=false --summary --log_level=off --pythonpath=/home/bsc19/bsc19533/autoparallel/lu/userparallel --lang=python /home/bsc19/bsc19533/autoparallel/lu/userparallel/lu.py 8 2048
[  INFO] Using default execution type: compss

----------------- Executing lu.py --------------------------

[(520)    API]  -  Starting COMPSs Runtime v2.2.rc1803 (build 20180411-1500.ra75f15f3c65db2209bf60a1004053b073d91d2fb)

[ WARNING ]:	guppy module is not installed.
		Guppy is a module needed for the local decorator.
		The local decorator allows you to define non-task functions which are able to
		handle synchronizations implictly.
		PyCOMPSs can work withouth guppy, but it is recommended to have it installed.
		You can install it via pip typing pip install guppy, or (probably) with your package manager.

RESULTS -----------------
VERSION USERPARALLEL
MSIZE 8
BSIZE 2048
DEBUG False
TOTAL_TIME 42.5202140808
INIT_TIME 3.48235011101
LU_TIME 39.0378639698
-------------------------
[(43728)    API]  -  ------- COMPSs Task Execution Summary per Worker ------
[(43729)    API]  -  --- Summary for COMPSs Worker s03r1b63-ib0
[(43729)    API]  -  64 lu.create_block tasks have been executed
[(43729)    API]  -  196 lu.invert_triangular tasks have been executed
[(43729)    API]  -  196 lu.multiply tasks have been executed
[(43729)    API]  -  140 lu.dgemm tasks have been executed
[(43729)    API]  -  8 lu.custom_lu tasks have been executed
[(43729)    API]  -  --- Total executed tasks in COMPSs Worker s03r1b63-ib0: 604
[(43729)    API]  -  -------------------------------------------------------
[(43729)    API]  -  
[(43729)    API]  -  ------------ COMPSs Task Execution Summary ------------
[(43729)    API]  -  64 lu.create_block tasks have been executed
[(43729)    API]  -  196 lu.invert_triangular tasks have been executed
[(43729)    API]  -  196 lu.multiply tasks have been executed
[(43729)    API]  -  140 lu.dgemm tasks have been executed
[(43729)    API]  -  8 lu.custom_lu tasks have been executed
[(43729)    API]  -  Total executed tasks: 604
[(43729)    API]  -  -------------------------------------------------------
[(48139)    API]  -  Execution Finished

------------------------------------------------------------
Waiting for application completion
[persistent_worker.sh] Clean WD /scratch/tmp/321a6d00-f88c-4b8f-810f-c2c0ab8daa92/s03r1b63-ib0
---- Executing Epilog actions ----
Cleanup Worker TMP files
- Removing /scratch/tmp/321a6d00-f88c-4b8f-810f-c2c0ab8daa92
Cleanup TMP files
