-------- Launch arguments --------
Master:                    s06r2b66
Workers:                    s06r2b67
Tasks per Node:            -1
CPUs per Node:             48
GPUs per Node:             0
FPGAs per Node:            0
CPU Affinity:              automatic
GPU Affinity:              automatic
FPGA Affinity:             automatic
FPGA reprogram command:    
Network:                   -ib0
Worker in Master CPUs:     0
Worker in Master Memory:   92
Master Port:               43058
Master WD:                 /home/bsc19/bsc19533/autoparallel/lu/userparallel/results/mn/
Worker WD:                 /scratch/tmp
Master JVM Opts:           
Workers JVM Opts:          -Xms16000m,-Xmx92000m,-Xmn1600m
Worker in Master JVM Opts: 
Library Path:              /gpfs/projects/bsc19/bsc19533/autoparallel/lu/userparallel/results/mn
Classpath:                 /gpfs/projects/bsc19/bsc19533/autoparallel/lu/userparallel/results/mn
Pythonpath:                /home/bsc19/bsc19533/autoparallel/lu/userparallel
Appdir:			   /gpfs/projects/bsc19/bsc19533/autoparallel/lu/userparallel/results/mn
Lang:                      python
COMM:                      es.bsc.compss.nio.master.NIOAdaptor
Prolog:                    
Epilog:                    
Storage conf:              null
Task execution:            compss
To COMPSs:                  --tracing=false --graph=false --summary --log_level=off --pythonpath=/home/bsc19/bsc19533/autoparallel/lu/userparallel --lang=python /home/bsc19/bsc19533/autoparallel/lu/userparallel/lu.py 16 512
-----------------------------------
 
Master will run in s06r2b66
List of workers:  s06r2b67
Worker WD mkdir: srun -n1 -N1 --nodelist=s06r2b67 mkdir -p /scratch/tmp
Generation of resources and project file finished
Project.xml:   /scratch/tmp/project_mn_1523624492.xml
Resources.xml: /scratch/tmp/resources_1523624492.xml
---- Executing Prolog actions ----
------ Launching application ------
CMD Worker 1 launcher: srun -n1 -N1 --nodelist=s06r2b67 /apps/COMPSs/TrunkAutoParallel/Runtime/scripts/user/../../..//Runtime/scripts/system/adaptors/nio/persistent_worker_starter.sh /gpfs/projects/bsc19/bsc19533/autoparallel/lu/userparallel/results/mn             /gpfs/projects/bsc19/bsc19533/autoparallel/lu/userparallel/results/mn             /gpfs/projects/bsc19/bsc19533/autoparallel/lu/userparallel/results/mn             3             -Xms16000m -Xmx92000m -Xmn1600m             0                          false             5             5             s06r2b67-ib0             43001             43058             48             0             0             automatic             automatic             automatic             -1             d6da152a-a125-4d34-be40-f9a404274754             python             /scratch/tmp/d6da152a-a125-4d34-be40-f9a404274754/s06r2b67-ib0             /apps/COMPSs/TrunkAutoParallel/Runtime/scripts/user/../../../             /gpfs/projects/bsc19/bsc19533/autoparallel/lu/userparallel/results/mn             /gpfs/projects/bsc19/bsc19533/autoparallel/lu/userparallel/results/mn             /gpfs/projects/bsc19/bsc19533/autoparallel/lu/userparallel/results/mn             /home/bsc19/bsc19533/autoparallel/lu/userparallel             0             null             1             null             compss 	    false
CMD Master: /apps/COMPSs/TrunkAutoParallel/Runtime/scripts/user/../../..//Runtime/scripts/user/runcompss --project=/scratch/tmp/project_mn_1523624492.xml             --resources=/scratch/tmp/resources_1523624492.xml             --uuid=d6da152a-a125-4d34-be40-f9a404274754             --specific_log_dir=/home/bsc19/bsc19533/autoparallel/lu/userparallel/results/mn//.COMPSs/1439235/             --master_name=s06r2b66-ib0             --master_port=43058             --jvm_master_opts=""             --jvm_workers_opts="-Xms16000m,-Xmx92000m,-Xmn1600m"  --tracing=false --graph=false --summary --log_level=off --pythonpath=/home/bsc19/bsc19533/autoparallel/lu/userparallel --lang=python /home/bsc19/bsc19533/autoparallel/lu/userparallel/lu.py 16 512
[  INFO] Using default execution type: compss

----------------- Executing lu.py --------------------------

[(688)    API]  -  Starting COMPSs Runtime v2.2.rc1803 (build 20180411-1500.ra75f15f3c65db2209bf60a1004053b073d91d2fb)

[ WARNING ]:	guppy module is not installed.
		Guppy is a module needed for the local decorator.
		The local decorator allows you to define non-task functions which are able to
		handle synchronizations implictly.
		PyCOMPSs can work withouth guppy, but it is recommended to have it installed.
		You can install it via pip typing pip install guppy, or (probably) with your package manager.

RESULTS -----------------
VERSION USERPARALLEL
MSIZE 16
BSIZE 512
DEBUG False
TOTAL_TIME 21.1052908897
INIT_TIME 3.25428795815
LU_TIME 17.8510029316
-------------------------
[(25043)    API]  -  ------- COMPSs Task Execution Summary per Worker ------
[(25044)    API]  -  --- Summary for COMPSs Worker s06r2b67-ib0
[(25044)    API]  -  256 lu.create_block tasks have been executed
[(25044)    API]  -  1480 lu.invert_triangular tasks have been executed
[(25044)    API]  -  1480 lu.multiply tasks have been executed
[(25044)    API]  -  1240 lu.dgemm tasks have been executed
[(25044)    API]  -  16 lu.custom_lu tasks have been executed
[(25044)    API]  -  --- Total executed tasks in COMPSs Worker s06r2b67-ib0: 4472
[(25044)    API]  -  -------------------------------------------------------
[(25044)    API]  -  
[(25044)    API]  -  ------------ COMPSs Task Execution Summary ------------
[(25044)    API]  -  256 lu.create_block tasks have been executed
[(25044)    API]  -  1480 lu.invert_triangular tasks have been executed
[(25044)    API]  -  1480 lu.multiply tasks have been executed
[(25044)    API]  -  1240 lu.dgemm tasks have been executed
[(25044)    API]  -  16 lu.custom_lu tasks have been executed
[(25044)    API]  -  Total executed tasks: 4472
[(25045)    API]  -  -------------------------------------------------------
[(27643)    API]  -  Execution Finished
[persistent_worker.sh] Clean WD /scratch/tmp/d6da152a-a125-4d34-be40-f9a404274754/s06r2b67-ib0

------------------------------------------------------------
Waiting for application completion
---- Executing Epilog actions ----
Cleanup Worker TMP files
- Removing /scratch/tmp/d6da152a-a125-4d34-be40-f9a404274754
Cleanup TMP files
