-------- Launch arguments --------
Master:                    s18r2b23
Workers:                    s18r2b24
Tasks per Node:            -1
CPUs per Node:             48
GPUs per Node:             0
FPGAs per Node:            0
CPU Affinity:              automatic
GPU Affinity:              automatic
FPGA Affinity:             automatic
FPGA reprogram command:    
Network:                   -ib0
Worker in Master CPUs:     0
Worker in Master Memory:   92
Master Port:               43169
Master WD:                 /home/bsc19/bsc19533/autoparallel/lu/userparallel/results/mn/
Worker WD:                 /scratch/tmp
Master JVM Opts:           
Workers JVM Opts:          -Xms16000m,-Xmx92000m,-Xmn1600m
Worker in Master JVM Opts: 
Library Path:              /gpfs/projects/bsc19/bsc19533/autoparallel/lu/userparallel/results/mn
Classpath:                 /gpfs/projects/bsc19/bsc19533/autoparallel/lu/userparallel/results/mn
Pythonpath:                /home/bsc19/bsc19533/autoparallel/lu/userparallel
Appdir:			   /gpfs/projects/bsc19/bsc19533/autoparallel/lu/userparallel/results/mn
Lang:                      python
COMM:                      es.bsc.compss.nio.master.NIOAdaptor
Prolog:                    
Epilog:                    
Storage conf:              null
Task execution:            compss
To COMPSs:                  --tracing=false --graph=false --summary --log_level=off --pythonpath=/home/bsc19/bsc19533/autoparallel/lu/userparallel --lang=python /home/bsc19/bsc19533/autoparallel/lu/userparallel/lu.py 32 4096
-----------------------------------
 
Master will run in s18r2b23
List of workers:  s18r2b24
Worker WD mkdir: srun -n1 -N1 --nodelist=s18r2b24 mkdir -p /scratch/tmp
Generation of resources and project file finished
Project.xml:   /scratch/tmp/project_mn_1523699816.xml
Resources.xml: /scratch/tmp/resources_1523699816.xml
---- Executing Prolog actions ----
------ Launching application ------
CMD Worker 1 launcher: srun -n1 -N1 --nodelist=s18r2b24 /apps/COMPSs/TrunkAutoParallel/Runtime/scripts/user/../../..//Runtime/scripts/system/adaptors/nio/persistent_worker_starter.sh /gpfs/projects/bsc19/bsc19533/autoparallel/lu/userparallel/results/mn             /gpfs/projects/bsc19/bsc19533/autoparallel/lu/userparallel/results/mn             /gpfs/projects/bsc19/bsc19533/autoparallel/lu/userparallel/results/mn             3             -Xms16000m -Xmx92000m -Xmn1600m             0                          false             5             5             s18r2b24-ib0             43001             43169             48             0             0             automatic             automatic             automatic             -1             028f0aa1-d109-44e7-a9af-f57a6bfa07b7             python             /scratch/tmp/028f0aa1-d109-44e7-a9af-f57a6bfa07b7/s18r2b24-ib0             /apps/COMPSs/TrunkAutoParallel/Runtime/scripts/user/../../../             /gpfs/projects/bsc19/bsc19533/autoparallel/lu/userparallel/results/mn             /gpfs/projects/bsc19/bsc19533/autoparallel/lu/userparallel/results/mn             /gpfs/projects/bsc19/bsc19533/autoparallel/lu/userparallel/results/mn             /home/bsc19/bsc19533/autoparallel/lu/userparallel             0             null             1             null             compss 	    false
CMD Master: /apps/COMPSs/TrunkAutoParallel/Runtime/scripts/user/../../..//Runtime/scripts/user/runcompss --project=/scratch/tmp/project_mn_1523699816.xml             --resources=/scratch/tmp/resources_1523699816.xml             --uuid=028f0aa1-d109-44e7-a9af-f57a6bfa07b7             --specific_log_dir=/home/bsc19/bsc19533/autoparallel/lu/userparallel/results/mn//.COMPSs/1439295/             --master_name=s18r2b23-ib0             --master_port=43169             --jvm_master_opts=""             --jvm_workers_opts="-Xms16000m,-Xmx92000m,-Xmn1600m"  --tracing=false --graph=false --summary --log_level=off --pythonpath=/home/bsc19/bsc19533/autoparallel/lu/userparallel --lang=python /home/bsc19/bsc19533/autoparallel/lu/userparallel/lu.py 32 4096
[  INFO] Using default execution type: compss

----------------- Executing lu.py --------------------------

[(550)    API]  -  Starting COMPSs Runtime v2.2.rc1803 (build 20180411-1500.ra75f15f3c65db2209bf60a1004053b073d91d2fb)

[ WARNING ]:	guppy module is not installed.
		Guppy is a module needed for the local decorator.
		The local decorator allows you to define non-task functions which are able to
		handle synchronizations implictly.
		PyCOMPSs can work withouth guppy, but it is recommended to have it installed.
		You can install it via pip typing pip install guppy, or (probably) with your package manager.


Error running application

Waiting for application completion
