-------- Launch arguments --------
Master:                    s09r1b72
Workers:                    s18r2b22
Tasks per Node:            -1
CPUs per Node:             48
GPUs per Node:             0
FPGAs per Node:            0
CPU Affinity:              automatic
GPU Affinity:              automatic
FPGA Affinity:             automatic
FPGA reprogram command:    
Network:                   -ib0
Worker in Master CPUs:     0
Worker in Master Memory:   92
Master Port:               43540
Master WD:                 /home/bsc19/bsc19533/autoparallel/lu/autoparallel/results/mn/
Worker WD:                 /scratch/tmp
Master JVM Opts:           
Workers JVM Opts:          -Xms16000m,-Xmx92000m,-Xmn1600m
Worker in Master JVM Opts: 
Library Path:              /gpfs/projects/bsc19/bsc19533/autoparallel/lu/autoparallel/results/mn
Classpath:                 /gpfs/projects/bsc19/bsc19533/autoparallel/lu/autoparallel/results/mn
Pythonpath:                /home/bsc19/bsc19533/autoparallel/lu/autoparallel
Appdir:			   /gpfs/projects/bsc19/bsc19533/autoparallel/lu/autoparallel/results/mn
Lang:                      python
COMM:                      es.bsc.compss.nio.master.NIOAdaptor
Prolog:                    
Epilog:                    
Storage conf:              null
Task execution:            compss
To COMPSs:                  --tracing=false --graph=false --summary --log_level=off --pythonpath=/home/bsc19/bsc19533/autoparallel/lu/autoparallel --lang=python /home/bsc19/bsc19533/autoparallel/lu/autoparallel/lu.py 16 4096
-----------------------------------
 
Master will run in s09r1b72
List of workers:  s18r2b22
Worker WD mkdir: srun -n1 -N1 --nodelist=s18r2b22 mkdir -p /scratch/tmp
Generation of resources and project file finished
Project.xml:   /scratch/tmp/project_mn_1523633712.xml
Resources.xml: /scratch/tmp/resources_1523633712.xml
---- Executing Prolog actions ----
------ Launching application ------
CMD Worker 1 launcher: srun -n1 -N1 --nodelist=s18r2b22 /apps/COMPSs/TrunkAutoParallel/Runtime/scripts/user/../../..//Runtime/scripts/system/adaptors/nio/persistent_worker_starter.sh /gpfs/projects/bsc19/bsc19533/autoparallel/lu/autoparallel/results/mn             /gpfs/projects/bsc19/bsc19533/autoparallel/lu/autoparallel/results/mn             /gpfs/projects/bsc19/bsc19533/autoparallel/lu/autoparallel/results/mn             3             -Xms16000m -Xmx92000m -Xmn1600m             0                          false             5             5             s18r2b22-ib0             43001             43540             48             0             0             automatic             automatic             automatic             -1             74fbe695-da11-4760-93e0-12b6b9857281             python             /scratch/tmp/74fbe695-da11-4760-93e0-12b6b9857281/s18r2b22-ib0             /apps/COMPSs/TrunkAutoParallel/Runtime/scripts/user/../../../             /gpfs/projects/bsc19/bsc19533/autoparallel/lu/autoparallel/results/mn             /gpfs/projects/bsc19/bsc19533/autoparallel/lu/autoparallel/results/mn             /gpfs/projects/bsc19/bsc19533/autoparallel/lu/autoparallel/results/mn             /home/bsc19/bsc19533/autoparallel/lu/autoparallel             0             null             1             null             compss 	    false
CMD Master: /apps/COMPSs/TrunkAutoParallel/Runtime/scripts/user/../../..//Runtime/scripts/user/runcompss --project=/scratch/tmp/project_mn_1523633712.xml             --resources=/scratch/tmp/resources_1523633712.xml             --uuid=74fbe695-da11-4760-93e0-12b6b9857281             --specific_log_dir=/home/bsc19/bsc19533/autoparallel/lu/autoparallel/results/mn//.COMPSs/1439255/             --master_name=s09r1b72-ib0             --master_port=43540             --jvm_master_opts=""             --jvm_workers_opts="-Xms16000m,-Xmx92000m,-Xmn1600m"  --tracing=false --graph=false --summary --log_level=off --pythonpath=/home/bsc19/bsc19533/autoparallel/lu/autoparallel --lang=python /home/bsc19/bsc19533/autoparallel/lu/autoparallel/lu.py 16 4096
[  INFO] Using default execution type: compss

----------------- Executing lu.py --------------------------

[(587)    API]  -  Starting COMPSs Runtime v2.2.rc1803 (build 20180411-1500.ra75f15f3c65db2209bf60a1004053b073d91d2fb)

[ WARNING ]:	guppy module is not installed.
		Guppy is a module needed for the local decorator.
		The local decorator allows you to define non-task functions which are able to
		handle synchronizations implictly.
		PyCOMPSs can work withouth guppy, but it is recommended to have it installed.
		You can install it via pip typing pip install guppy, or (probably) with your package manager.

