-------- Launch arguments --------
Master:                    s19r2b07
Workers:                    s19r2b08
Tasks per Node:            -1
CPUs per Node:             48
GPUs per Node:             0
FPGAs per Node:            0
CPU Affinity:              automatic
GPU Affinity:              automatic
FPGA Affinity:             automatic
FPGA reprogram command:    
Network:                   -ib0
Worker in Master CPUs:     0
Worker in Master Memory:   92
Master Port:               43701
Master WD:                 /home/bsc19/bsc19533/autoparallel/lu/autoparallel/results/mn/
Worker WD:                 /scratch/tmp
Master JVM Opts:           
Workers JVM Opts:          -Xms16000m,-Xmx92000m,-Xmn1600m
Worker in Master JVM Opts: 
Library Path:              /gpfs/projects/bsc19/bsc19533/autoparallel/lu/autoparallel/results/mn
Classpath:                 /gpfs/projects/bsc19/bsc19533/autoparallel/lu/autoparallel/results/mn
Pythonpath:                /home/bsc19/bsc19533/autoparallel/lu/autoparallel
Appdir:			   /gpfs/projects/bsc19/bsc19533/autoparallel/lu/autoparallel/results/mn
Lang:                      python
COMM:                      es.bsc.compss.nio.master.NIOAdaptor
Prolog:                    
Epilog:                    
Storage conf:              null
Task execution:            compss
To COMPSs:                  --tracing=false --graph=false --summary --log_level=off --pythonpath=/home/bsc19/bsc19533/autoparallel/lu/autoparallel --lang=python /home/bsc19/bsc19533/autoparallel/lu/autoparallel/lu.py 6 2048
-----------------------------------
 
Master will run in s19r2b07
List of workers:  s19r2b08
Worker WD mkdir: srun -n1 -N1 --nodelist=s19r2b08 mkdir -p /scratch/tmp
Generation of resources and project file finished
Project.xml:   /scratch/tmp/project_mn_1523647083.xml
Resources.xml: /scratch/tmp/resources_1523647083.xml
---- Executing Prolog actions ----
------ Launching application ------
CMD Worker 1 launcher: srun -n1 -N1 --nodelist=s19r2b08 /apps/COMPSs/TrunkAutoParallel/Runtime/scripts/user/../../..//Runtime/scripts/system/adaptors/nio/persistent_worker_starter.sh /gpfs/projects/bsc19/bsc19533/autoparallel/lu/autoparallel/results/mn             /gpfs/projects/bsc19/bsc19533/autoparallel/lu/autoparallel/results/mn             /gpfs/projects/bsc19/bsc19533/autoparallel/lu/autoparallel/results/mn             3             -Xms16000m -Xmx92000m -Xmn1600m             0                          false             5             5             s19r2b08-ib0             43001             43701             48             0             0             automatic             automatic             automatic             -1             236c780f-8b7f-4c86-9aba-c299e81d43f1             python             /scratch/tmp/236c780f-8b7f-4c86-9aba-c299e81d43f1/s19r2b08-ib0             /apps/COMPSs/TrunkAutoParallel/Runtime/scripts/user/../../../             /gpfs/projects/bsc19/bsc19533/autoparallel/lu/autoparallel/results/mn             /gpfs/projects/bsc19/bsc19533/autoparallel/lu/autoparallel/results/mn             /gpfs/projects/bsc19/bsc19533/autoparallel/lu/autoparallel/results/mn             /home/bsc19/bsc19533/autoparallel/lu/autoparallel             0             null             1             null             compss 	    false
CMD Master: /apps/COMPSs/TrunkAutoParallel/Runtime/scripts/user/../../..//Runtime/scripts/user/runcompss --project=/scratch/tmp/project_mn_1523647083.xml             --resources=/scratch/tmp/resources_1523647083.xml             --uuid=236c780f-8b7f-4c86-9aba-c299e81d43f1             --specific_log_dir=/home/bsc19/bsc19533/autoparallel/lu/autoparallel/results/mn//.COMPSs/1439262/             --master_name=s19r2b07-ib0             --master_port=43701             --jvm_master_opts=""             --jvm_workers_opts="-Xms16000m,-Xmx92000m,-Xmn1600m"  --tracing=false --graph=false --summary --log_level=off --pythonpath=/home/bsc19/bsc19533/autoparallel/lu/autoparallel --lang=python /home/bsc19/bsc19533/autoparallel/lu/autoparallel/lu.py 6 2048
[  INFO] Using default execution type: compss

----------------- Executing lu.py --------------------------

[(527)    API]  -  Starting COMPSs Runtime v2.2.rc1803 (build 20180411-1500.ra75f15f3c65db2209bf60a1004053b073d91d2fb)

[ WARNING ]:	guppy module is not installed.
		Guppy is a module needed for the local decorator.
		The local decorator allows you to define non-task functions which are able to
		handle synchronizations implictly.
		PyCOMPSs can work withouth guppy, but it is recommended to have it installed.
		You can install it via pip typing pip install guppy, or (probably) with your package manager.

RESULTS -----------------
VERSION AUTOPARALLEL
MSIZE 6
BSIZE 2048
DEBUG False
TOTAL_TIME 30.2776441574
INIT_TIME 3.14239621162
LU_TIME 27.1352479458
-------------------------
[(31377)    API]  -  ------- COMPSs Task Execution Summary per Worker ------
[(31377)    API]  -  --- Summary for COMPSs Worker s19r2b08-ib0
[(31377)    API]  -  36 lu.create_block tasks have been executed
[(31378)    API]  -  15 lu.S1 tasks have been executed
[(31378)    API]  -  15 lu.S2 tasks have been executed
[(31378)    API]  -  5 lu.S3 tasks have been executed
[(31378)    API]  -  5 lu.S4 tasks have been executed
[(31378)    API]  -  55 lu.S5 tasks have been executed
[(31378)    API]  -  55 lu.S6 tasks have been executed
[(31378)    API]  -  55 lu.S7 tasks have been executed
[(31378)    API]  -  5 lu.S8 tasks have been executed
[(31378)    API]  -  15 lu.S9 tasks have been executed
[(31378)    API]  -  15 lu.S10 tasks have been executed
[(31378)    API]  -  10 lu.S11 tasks have been executed
[(31378)    API]  -  10 lu.S12 tasks have been executed
[(31378)    API]  -  --- Total executed tasks in COMPSs Worker s19r2b08-ib0: 296
[(31378)    API]  -  -------------------------------------------------------
[(31378)    API]  -  
[(31378)    API]  -  ------------ COMPSs Task Execution Summary ------------
[(31378)    API]  -  36 lu.create_block tasks have been executed
[(31378)    API]  -  15 lu.S1 tasks have been executed
[(31378)    API]  -  15 lu.S2 tasks have been executed
[(31378)    API]  -  5 lu.S3 tasks have been executed
[(31379)    API]  -  5 lu.S4 tasks have been executed
[(31379)    API]  -  55 lu.S5 tasks have been executed
[(31379)    API]  -  55 lu.S6 tasks have been executed
[(31379)    API]  -  55 lu.S7 tasks have been executed
[(31379)    API]  -  5 lu.S8 tasks have been executed
[(31379)    API]  -  15 lu.S9 tasks have been executed
[(31379)    API]  -  15 lu.S10 tasks have been executed
[(31379)    API]  -  10 lu.S11 tasks have been executed
[(31379)    API]  -  10 lu.S12 tasks have been executed
[(31379)    API]  -  Total executed tasks: 296
[(31379)    API]  -  -------------------------------------------------------
[(35528)    API]  -  Execution Finished

------------------------------------------------------------
Waiting for application completion
[persistent_worker.sh] Clean WD /scratch/tmp/236c780f-8b7f-4c86-9aba-c299e81d43f1/s19r2b08-ib0
---- Executing Epilog actions ----
Cleanup Worker TMP files
- Removing /scratch/tmp/236c780f-8b7f-4c86-9aba-c299e81d43f1
Cleanup TMP files
