-------- Launch arguments --------
Master:                    s15r1b22
Workers:                    s15r1b24
Tasks per Node:            -1
CPUs per Node:             48
GPUs per Node:             0
FPGAs per Node:            0
CPU Affinity:              automatic
GPU Affinity:              automatic
FPGA Affinity:             automatic
FPGA reprogram command:    
Network:                   -ib0
Worker in Master CPUs:     0
Worker in Master Memory:   92
Master Port:               43670
Master WD:                 /home/bsc19/bsc19533/autoparallel/lu/autoparallel/results/mn/
Worker WD:                 /scratch/tmp
Master JVM Opts:           
Workers JVM Opts:          -Xms16000m,-Xmx92000m,-Xmn1600m
Worker in Master JVM Opts: 
Library Path:              /gpfs/projects/bsc19/bsc19533/autoparallel/lu/autoparallel/results/mn
Classpath:                 /gpfs/projects/bsc19/bsc19533/autoparallel/lu/autoparallel/results/mn
Pythonpath:                /home/bsc19/bsc19533/autoparallel/lu/autoparallel
Appdir:			   /gpfs/projects/bsc19/bsc19533/autoparallel/lu/autoparallel/results/mn
Lang:                      python
COMM:                      es.bsc.compss.nio.master.NIOAdaptor
Prolog:                    
Epilog:                    
Storage conf:              null
Task execution:            compss
To COMPSs:                  --tracing=false --graph=false --summary --log_level=off --pythonpath=/home/bsc19/bsc19533/autoparallel/lu/autoparallel --lang=python /home/bsc19/bsc19533/autoparallel/lu/autoparallel/lu.py 8 4096
-----------------------------------
 
Master will run in s15r1b22
List of workers:  s15r1b24
Worker WD mkdir: srun -n1 -N1 --nodelist=s15r1b24 mkdir -p /scratch/tmp
Generation of resources and project file finished
Project.xml:   /scratch/tmp/project_mn_1523676765.xml
Resources.xml: /scratch/tmp/resources_1523676765.xml
---- Executing Prolog actions ----
------ Launching application ------
CMD Worker 1 launcher: srun -n1 -N1 --nodelist=s15r1b24 /apps/COMPSs/TrunkAutoParallel/Runtime/scripts/user/../../..//Runtime/scripts/system/adaptors/nio/persistent_worker_starter.sh /gpfs/projects/bsc19/bsc19533/autoparallel/lu/autoparallel/results/mn             /gpfs/projects/bsc19/bsc19533/autoparallel/lu/autoparallel/results/mn             /gpfs/projects/bsc19/bsc19533/autoparallel/lu/autoparallel/results/mn             3             -Xms16000m -Xmx92000m -Xmn1600m             0                          false             5             5             s15r1b24-ib0             43001             43670             48             0             0             automatic             automatic             automatic             -1             86d2880e-f61c-4ffa-a457-c12771384e61             python             /scratch/tmp/86d2880e-f61c-4ffa-a457-c12771384e61/s15r1b24-ib0             /apps/COMPSs/TrunkAutoParallel/Runtime/scripts/user/../../../             /gpfs/projects/bsc19/bsc19533/autoparallel/lu/autoparallel/results/mn             /gpfs/projects/bsc19/bsc19533/autoparallel/lu/autoparallel/results/mn             /gpfs/projects/bsc19/bsc19533/autoparallel/lu/autoparallel/results/mn             /home/bsc19/bsc19533/autoparallel/lu/autoparallel             0             null             1             null             compss 	    false
CMD Master: /apps/COMPSs/TrunkAutoParallel/Runtime/scripts/user/../../..//Runtime/scripts/user/runcompss --project=/scratch/tmp/project_mn_1523676765.xml             --resources=/scratch/tmp/resources_1523676765.xml             --uuid=86d2880e-f61c-4ffa-a457-c12771384e61             --specific_log_dir=/home/bsc19/bsc19533/autoparallel/lu/autoparallel/results/mn//.COMPSs/1439287/             --master_name=s15r1b22-ib0             --master_port=43670             --jvm_master_opts=""             --jvm_workers_opts="-Xms16000m,-Xmx92000m,-Xmn1600m"  --tracing=false --graph=false --summary --log_level=off --pythonpath=/home/bsc19/bsc19533/autoparallel/lu/autoparallel --lang=python /home/bsc19/bsc19533/autoparallel/lu/autoparallel/lu.py 8 4096
[  INFO] Using default execution type: compss

----------------- Executing lu.py --------------------------

[(686)    API]  -  Starting COMPSs Runtime v2.2.rc1803 (build 20180411-1500.ra75f15f3c65db2209bf60a1004053b073d91d2fb)

[ WARNING ]:	guppy module is not installed.
		Guppy is a module needed for the local decorator.
		The local decorator allows you to define non-task functions which are able to
		handle synchronizations implictly.
		PyCOMPSs can work withouth guppy, but it is recommended to have it installed.
		You can install it via pip typing pip install guppy, or (probably) with your package manager.

RESULTS -----------------
VERSION AUTOPARALLEL
MSIZE 8
BSIZE 4096
DEBUG False
TOTAL_TIME 327.26995182
INIT_TIME 4.94330596924
LU_TIME 322.326645851
-------------------------
[(328726)    API]  -  ------- COMPSs Task Execution Summary per Worker ------
[(328727)    API]  -  --- Summary for COMPSs Worker s15r1b24-ib0
[(328727)    API]  -  64 lu.create_block tasks have been executed
[(328727)    API]  -  28 lu.S1 tasks have been executed
[(328727)    API]  -  28 lu.S2 tasks have been executed
[(328727)    API]  -  7 lu.S3 tasks have been executed
[(328727)    API]  -  7 lu.S4 tasks have been executed
[(328727)    API]  -  140 lu.S5 tasks have been executed
[(328727)    API]  -  140 lu.S6 tasks have been executed
[(328727)    API]  -  140 lu.S7 tasks have been executed
[(328727)    API]  -  7 lu.S8 tasks have been executed
[(328727)    API]  -  28 lu.S9 tasks have been executed
[(328727)    API]  -  28 lu.S10 tasks have been executed
[(328727)    API]  -  21 lu.S11 tasks have been executed
[(328727)    API]  -  21 lu.S12 tasks have been executed
[(328727)    API]  -  --- Total executed tasks in COMPSs Worker s15r1b24-ib0: 659
[(328727)    API]  -  -------------------------------------------------------
[(328727)    API]  -  
[(328728)    API]  -  ------------ COMPSs Task Execution Summary ------------
[(328728)    API]  -  64 lu.create_block tasks have been executed
[(328728)    API]  -  28 lu.S1 tasks have been executed
[(328728)    API]  -  28 lu.S2 tasks have been executed
[(328728)    API]  -  7 lu.S3 tasks have been executed
[(328728)    API]  -  7 lu.S4 tasks have been executed
[(328728)    API]  -  140 lu.S5 tasks have been executed
[(328728)    API]  -  140 lu.S6 tasks have been executed
[(328728)    API]  -  140 lu.S7 tasks have been executed
[(328728)    API]  -  7 lu.S8 tasks have been executed
[(328728)    API]  -  28 lu.S9 tasks have been executed
[(328728)    API]  -  28 lu.S10 tasks have been executed
[(328728)    API]  -  21 lu.S11 tasks have been executed
[(328728)    API]  -  21 lu.S12 tasks have been executed
[(328728)    API]  -  Total executed tasks: 659
[(328728)    API]  -  -------------------------------------------------------
[(341401)    API]  -  Execution Finished
[persistent_worker.sh] Clean WD /scratch/tmp/86d2880e-f61c-4ffa-a457-c12771384e61/s15r1b24-ib0

------------------------------------------------------------
Waiting for application completion
---- Executing Epilog actions ----
Cleanup Worker TMP files
- Removing /scratch/tmp/86d2880e-f61c-4ffa-a457-c12771384e61
Cleanup TMP files
