-------- Launch arguments --------
Master:                    s08r2b09
Workers:                    s08r2b10
Tasks per Node:            -1
CPUs per Node:             48
GPUs per Node:             0
FPGAs per Node:            0
CPU Affinity:              automatic
GPU Affinity:              automatic
FPGA Affinity:             automatic
FPGA reprogram command:    
Network:                   -ib0
Worker in Master CPUs:     0
Worker in Master Memory:   92
Master Port:               43630
Master WD:                 /home/bsc19/bsc19533/autoparallel/lu/autoparallel/results/mn/
Worker WD:                 /scratch/tmp
Master JVM Opts:           
Workers JVM Opts:          -Xms16000m,-Xmx92000m,-Xmn1600m
Worker in Master JVM Opts: 
Library Path:              /gpfs/projects/bsc19/bsc19533/autoparallel/lu/autoparallel/results/mn
Classpath:                 /gpfs/projects/bsc19/bsc19533/autoparallel/lu/autoparallel/results/mn
Pythonpath:                /home/bsc19/bsc19533/autoparallel/lu/autoparallel
Appdir:			   /gpfs/projects/bsc19/bsc19533/autoparallel/lu/autoparallel/results/mn
Lang:                      python
COMM:                      es.bsc.compss.nio.master.NIOAdaptor
Prolog:                    
Epilog:                    
Storage conf:              null
Task execution:            compss
To COMPSs:                  --tracing=false --graph=false --summary --log_level=off --pythonpath=/home/bsc19/bsc19533/autoparallel/lu/autoparallel --lang=python /home/bsc19/bsc19533/autoparallel/lu/autoparallel/lu.py 8 2048
-----------------------------------
 
Master will run in s08r2b09
List of workers:  s08r2b10
Worker WD mkdir: srun -n1 -N1 --nodelist=s08r2b10 mkdir -p /scratch/tmp
Generation of resources and project file finished
Project.xml:   /scratch/tmp/project_mn_1523647510.xml
Resources.xml: /scratch/tmp/resources_1523647510.xml
---- Executing Prolog actions ----
------ Launching application ------
CMD Worker 1 launcher: srun -n1 -N1 --nodelist=s08r2b10 /apps/COMPSs/TrunkAutoParallel/Runtime/scripts/user/../../..//Runtime/scripts/system/adaptors/nio/persistent_worker_starter.sh /gpfs/projects/bsc19/bsc19533/autoparallel/lu/autoparallel/results/mn             /gpfs/projects/bsc19/bsc19533/autoparallel/lu/autoparallel/results/mn             /gpfs/projects/bsc19/bsc19533/autoparallel/lu/autoparallel/results/mn             3             -Xms16000m -Xmx92000m -Xmn1600m             0                          false             5             5             s08r2b10-ib0             43001             43630             48             0             0             automatic             automatic             automatic             -1             194be971-2d46-4160-92b7-279e6438ad70             python             /scratch/tmp/194be971-2d46-4160-92b7-279e6438ad70/s08r2b10-ib0             /apps/COMPSs/TrunkAutoParallel/Runtime/scripts/user/../../../             /gpfs/projects/bsc19/bsc19533/autoparallel/lu/autoparallel/results/mn             /gpfs/projects/bsc19/bsc19533/autoparallel/lu/autoparallel/results/mn             /gpfs/projects/bsc19/bsc19533/autoparallel/lu/autoparallel/results/mn             /home/bsc19/bsc19533/autoparallel/lu/autoparallel             0             null             1             null             compss 	    false
CMD Master: /apps/COMPSs/TrunkAutoParallel/Runtime/scripts/user/../../..//Runtime/scripts/user/runcompss --project=/scratch/tmp/project_mn_1523647510.xml             --resources=/scratch/tmp/resources_1523647510.xml             --uuid=194be971-2d46-4160-92b7-279e6438ad70             --specific_log_dir=/home/bsc19/bsc19533/autoparallel/lu/autoparallel/results/mn//.COMPSs/1439270/             --master_name=s08r2b09-ib0             --master_port=43630             --jvm_master_opts=""             --jvm_workers_opts="-Xms16000m,-Xmx92000m,-Xmn1600m"  --tracing=false --graph=false --summary --log_level=off --pythonpath=/home/bsc19/bsc19533/autoparallel/lu/autoparallel --lang=python /home/bsc19/bsc19533/autoparallel/lu/autoparallel/lu.py 8 2048
[  INFO] Using default execution type: compss

----------------- Executing lu.py --------------------------

[(548)    API]  -  Starting COMPSs Runtime v2.2.rc1803 (build 20180411-1500.ra75f15f3c65db2209bf60a1004053b073d91d2fb)

[ WARNING ]:	guppy module is not installed.
		Guppy is a module needed for the local decorator.
		The local decorator allows you to define non-task functions which are able to
		handle synchronizations implictly.
		PyCOMPSs can work withouth guppy, but it is recommended to have it installed.
		You can install it via pip typing pip install guppy, or (probably) with your package manager.

RESULTS -----------------
VERSION AUTOPARALLEL
MSIZE 8
BSIZE 2048
DEBUG False
TOTAL_TIME 41.6609158516
INIT_TIME 3.399477005
LU_TIME 38.2614388466
-------------------------
[(42828)    API]  -  ------- COMPSs Task Execution Summary per Worker ------
[(42828)    API]  -  --- Summary for COMPSs Worker s08r2b10-ib0
[(42828)    API]  -  64 lu.create_block tasks have been executed
[(42828)    API]  -  28 lu.S1 tasks have been executed
[(42828)    API]  -  28 lu.S2 tasks have been executed
[(42828)    API]  -  7 lu.S3 tasks have been executed
[(42828)    API]  -  7 lu.S4 tasks have been executed
[(42828)    API]  -  140 lu.S5 tasks have been executed
[(42828)    API]  -  140 lu.S6 tasks have been executed
[(42828)    API]  -  140 lu.S7 tasks have been executed
[(42828)    API]  -  7 lu.S8 tasks have been executed
[(42828)    API]  -  28 lu.S9 tasks have been executed
[(42829)    API]  -  28 lu.S10 tasks have been executed
[(42829)    API]  -  21 lu.S11 tasks have been executed
[(42829)    API]  -  21 lu.S12 tasks have been executed
[(42829)    API]  -  --- Total executed tasks in COMPSs Worker s08r2b10-ib0: 659
[(42829)    API]  -  -------------------------------------------------------
[(42829)    API]  -  
[(42829)    API]  -  ------------ COMPSs Task Execution Summary ------------
[(42829)    API]  -  64 lu.create_block tasks have been executed
[(42829)    API]  -  28 lu.S1 tasks have been executed
[(42829)    API]  -  28 lu.S2 tasks have been executed
[(42829)    API]  -  7 lu.S3 tasks have been executed
[(42829)    API]  -  7 lu.S4 tasks have been executed
[(42829)    API]  -  140 lu.S5 tasks have been executed
[(42829)    API]  -  140 lu.S6 tasks have been executed
[(42829)    API]  -  140 lu.S7 tasks have been executed
[(42829)    API]  -  7 lu.S8 tasks have been executed
[(42829)    API]  -  28 lu.S9 tasks have been executed
[(42829)    API]  -  28 lu.S10 tasks have been executed
[(42829)    API]  -  21 lu.S11 tasks have been executed
[(42829)    API]  -  21 lu.S12 tasks have been executed
[(42829)    API]  -  Total executed tasks: 659
[(42830)    API]  -  -------------------------------------------------------
[(47586)    API]  -  Execution Finished

------------------------------------------------------------
Waiting for application completion
[persistent_worker.sh] Clean WD /scratch/tmp/194be971-2d46-4160-92b7-279e6438ad70/s08r2b10-ib0
---- Executing Epilog actions ----
Cleanup Worker TMP files
- Removing /scratch/tmp/194be971-2d46-4160-92b7-279e6438ad70
Cleanup TMP files
