-------- Launch arguments --------
Master:                    s09r1b72
Workers:                    s20r1b24
Tasks per Node:            -1
CPUs per Node:             48
GPUs per Node:             0
FPGAs per Node:            0
CPU Affinity:              automatic
GPU Affinity:              automatic
FPGA Affinity:             automatic
FPGA reprogram command:    
Network:                   -ib0
Worker in Master CPUs:     0
Worker in Master Memory:   92
Master Port:               43727
Master WD:                 /home/bsc19/bsc19533/autoparallel/lu/autoparallel/results/mn/
Worker WD:                 /scratch/tmp
Master JVM Opts:           
Workers JVM Opts:          -Xms16000m,-Xmx92000m,-Xmn1600m
Worker in Master JVM Opts: 
Library Path:              /gpfs/projects/bsc19/bsc19533/autoparallel/lu/autoparallel/results/mn
Classpath:                 /gpfs/projects/bsc19/bsc19533/autoparallel/lu/autoparallel/results/mn
Pythonpath:                /home/bsc19/bsc19533/autoparallel/lu/autoparallel
Appdir:			   /gpfs/projects/bsc19/bsc19533/autoparallel/lu/autoparallel/results/mn
Lang:                      python
COMM:                      es.bsc.compss.nio.master.NIOAdaptor
Prolog:                    
Epilog:                    
Storage conf:              null
Task execution:            compss
To COMPSs:                  --tracing=true --graph=false --summary --log_level=off --pythonpath=/home/bsc19/bsc19533/autoparallel/lu/autoparallel --lang=python /home/bsc19/bsc19533/autoparallel/lu/autoparallel/lu.py 16 4096
-----------------------------------
 
Master will run in s09r1b72
List of workers:  s20r1b24
Worker WD mkdir: srun -n1 -N1 --nodelist=s20r1b24 mkdir -p /scratch/tmp
Generation of resources and project file finished
Project.xml:   /scratch/tmp/project_mn_1523629361.xml
Resources.xml: /scratch/tmp/resources_1523629361.xml
---- Executing Prolog actions ----
------ Launching application ------
CMD Worker 1 launcher: srun -n1 -N1 --nodelist=s20r1b24 /apps/COMPSs/TrunkAutoParallel/Runtime/scripts/user/../../..//Runtime/scripts/system/adaptors/nio/persistent_worker_starter.sh /gpfs/projects/bsc19/bsc19533/autoparallel/lu/autoparallel/results/mn             /gpfs/projects/bsc19/bsc19533/autoparallel/lu/autoparallel/results/mn             /gpfs/projects/bsc19/bsc19533/autoparallel/lu/autoparallel/results/mn             3             -Xms16000m -Xmx92000m -Xmn1600m             0                          false             5             5             s20r1b24-ib0             43001             43727             48             0             0             automatic             automatic             automatic             -1             43fbb3e0-2a51-4dd7-aace-bef2dec8b85b             python             /scratch/tmp/43fbb3e0-2a51-4dd7-aace-bef2dec8b85b/s20r1b24-ib0             /apps/COMPSs/TrunkAutoParallel/Runtime/scripts/user/../../../             /gpfs/projects/bsc19/bsc19533/autoparallel/lu/autoparallel/results/mn             /gpfs/projects/bsc19/bsc19533/autoparallel/lu/autoparallel/results/mn             /gpfs/projects/bsc19/bsc19533/autoparallel/lu/autoparallel/results/mn             /home/bsc19/bsc19533/autoparallel/lu/autoparallel             1             null             1             null             compss 	    false
CMD Master: /apps/COMPSs/TrunkAutoParallel/Runtime/scripts/user/../../..//Runtime/scripts/user/runcompss --project=/scratch/tmp/project_mn_1523629361.xml             --resources=/scratch/tmp/resources_1523629361.xml             --uuid=43fbb3e0-2a51-4dd7-aace-bef2dec8b85b             --specific_log_dir=/home/bsc19/bsc19533/autoparallel/lu/autoparallel/results/mn//.COMPSs/1439253/             --master_name=s09r1b72-ib0             --master_port=43727             --jvm_master_opts=""             --jvm_workers_opts="-Xms16000m,-Xmx92000m,-Xmn1600m"  --tracing=true --graph=false --summary --log_level=off --pythonpath=/home/bsc19/bsc19533/autoparallel/lu/autoparallel --lang=python /home/bsc19/bsc19533/autoparallel/lu/autoparallel/lu.py 16 4096
[  INFO] Using default execution type: compss

----------------- Executing lu.py --------------------------

Welcome to Extrae 3.5.2
Extrae: Parsing the configuration file (/apps/COMPSs/TrunkAutoParallel/Runtime/configuration/xml/tracing/extrae_basic.xml) begins
Extrae: Warning! <trace> tag has no <home> property defined.
Extrae: Generating intermediate files for Paraver traces.
Extrae: PAPI domain set to USER for HWC set 1
Extrae: HWC set 1 contains following counters < PAPI_TOT_INS (0x80000032) PAPI_TOT_CYC (0x8000003b) PAPI_LD_INS (0x80000035) PAPI_SR_INS (0x80000036) PAPI_VEC_SP (0x80000069) PAPI_L1_DCM (0x80000000) > - changing every 500000000 nanoseconds
Extrae: PAPI domain set to USER for HWC set 2
Extrae: HWC set 2 contains following counters < PAPI_TOT_INS (0x80000032) PAPI_TOT_CYC (0x8000003b) PAPI_LD_INS (0x80000035) PAPI_SR_INS (0x80000036) PAPI_L2_DCM (0x80000002) > - changing every 500000000 nanoseconds
Extrae: Tracing buffer can hold 100000 events
Extrae: Circular buffer disabled.
Extrae: Dynamic memory instrumentation is disabled.
Extrae: Basic I/O memory instrumentation is disabled.
Extrae: System calls instrumentation is disabled.
Extrae: Parsing the configuration file (/apps/COMPSs/TrunkAutoParallel/Runtime/configuration/xml/tracing/extrae_basic.xml) has ended
Extrae: Intermediate traces will be stored in /gpfs/projects/bsc19/bsc19533/autoparallel/lu/autoparallel/results/mn
Extrae: Tracing mode is set to: Detail.
Extrae: Successfully initiated with 1 tasks and 1 threads

[(692)    API]  -  Starting COMPSs Runtime v2.2.rc1803 (build 20180411-1500.ra75f15f3c65db2209bf60a1004053b073d91d2fb)

[ WARNING ]:	guppy module is not installed.
		Guppy is a module needed for the local decorator.
		The local decorator allows you to define non-task functions which are able to
		handle synchronizations implictly.
		PyCOMPSs can work withouth guppy, but it is recommended to have it installed.
		You can install it via pip typing pip install guppy, or (probably) with your package manager.

[(875701)    API]  -  ------- COMPSs Task Execution Summary per Worker ------
[(875701)    API]  -  --- Summary for COMPSs Worker s20r1b24-ib0
[(875701)    API]  -  256 lu.create_block tasks have been executed
[(875701)    API]  -  120 lu.S1 tasks have been executed
[(875701)    API]  -  120 lu.S2 tasks have been executed
[(875701)    API]  -  15 lu.S3 tasks have been executed
[(875701)    API]  -  15 lu.S4 tasks have been executed
[(875701)    API]  -  370 lu.S5 tasks have been executed
[(875701)    API]  -  357 lu.S6 tasks have been executed
[(875701)    API]  -  334 lu.S7 tasks have been executed
[(875702)    API]  -  1 lu.S8 tasks have been executed
[(875702)    API]  -  15 lu.S9 tasks have been executed
[(875702)    API]  -  1 lu.S10 tasks have been executed
[(875702)    API]  -  14 lu.S11 tasks have been executed
[(875702)    API]  -  14 lu.S12 tasks have been executed
[(875702)    API]  -  --- Total executed tasks in COMPSs Worker s20r1b24-ib0: 1632
[(875702)    API]  -  -------------------------------------------------------
[(875702)    API]  -  
[(875702)    API]  -  ------------ COMPSs Task Execution Summary ------------
[(875702)    API]  -  256 lu.create_block tasks have been executed
[(875702)    API]  -  120 lu.S1 tasks have been executed
[(875702)    API]  -  120 lu.S2 tasks have been executed
[(875702)    API]  -  15 lu.S3 tasks have been executed
[(875702)    API]  -  15 lu.S4 tasks have been executed
[(875702)    API]  -  370 lu.S5 tasks have been executed
[(875702)    API]  -  357 lu.S6 tasks have been executed
[(875702)    API]  -  334 lu.S7 tasks have been executed
[(875702)    API]  -  1 lu.S8 tasks have been executed
[(875702)    API]  -  15 lu.S9 tasks have been executed
[(875702)    API]  -  1 lu.S10 tasks have been executed
[(875702)    API]  -  14 lu.S11 tasks have been executed
[(875702)    API]  -  14 lu.S12 tasks have been executed
[(875703)    API]  -  Total executed tasks: 1632
[(875703)    API]  -  -------------------------------------------------------
Extrae: Intermediate raw trace file created : /gpfs/projects/bsc19/bsc19533/autoparallel/lu/autoparallel/results/mn/set-0/TRACE@s09r1b72.0000261005000000000002.mpit
