-------- Launch arguments --------
Master:                    s20r2b47
Workers:                    s21r2b17
Tasks per Node:            -1
CPUs per Node:             48
GPUs per Node:             0
FPGAs per Node:            0
CPU Affinity:              automatic
GPU Affinity:              automatic
FPGA Affinity:             automatic
FPGA reprogram command:    
Network:                   -ib0
Worker in Master CPUs:     0
Worker in Master Memory:   92
Master Port:               43177
Master WD:                 /home/bsc19/bsc19533/autoparallel/fdtd-1d/userparallel/results/mn/
Worker WD:                 /scratch/tmp
Master JVM Opts:           
Workers JVM Opts:          -Xms16000m,-Xmx92000m,-Xmn1600m
Worker in Master JVM Opts: 
Library Path:              /gpfs/projects/bsc19/bsc19533/autoparallel/fdtd-1d/userparallel/results/mn
Classpath:                 /gpfs/projects/bsc19/bsc19533/autoparallel/fdtd-1d/userparallel/results/mn
Pythonpath:                /home/bsc19/bsc19533/autoparallel/fdtd-1d/userparallel
Appdir:			   /gpfs/projects/bsc19/bsc19533/autoparallel/fdtd-1d/userparallel/results/mn
Lang:                      python
COMM:                      es.bsc.compss.nio.master.NIOAdaptor
Prolog:                    
Epilog:                    
Storage conf:              null
Task execution:            compss
To COMPSs:                  --tracing=false --graph=false --summary --log_level=off --pythonpath=/home/bsc19/bsc19533/autoparallel/fdtd-1d/userparallel --lang=python /home/bsc19/bsc19533/autoparallel/fdtd-1d/userparallel/fdtd-1d.py 100 100
-----------------------------------
 
Master will run in s20r2b47
List of workers:  s21r2b17
Worker WD mkdir: srun -n1 -N1 --nodelist=s21r2b17 mkdir -p /scratch/tmp
Generation of resources and project file finished
Project.xml:   /scratch/tmp/project_mn_1523627421.xml
Resources.xml: /scratch/tmp/resources_1523627421.xml
---- Executing Prolog actions ----
------ Launching application ------
CMD Worker 1 launcher: srun -n1 -N1 --nodelist=s21r2b17 /apps/COMPSs/TrunkAutoParallel/Runtime/scripts/user/../../..//Runtime/scripts/system/adaptors/nio/persistent_worker_starter.sh /gpfs/projects/bsc19/bsc19533/autoparallel/fdtd-1d/userparallel/results/mn             /gpfs/projects/bsc19/bsc19533/autoparallel/fdtd-1d/userparallel/results/mn             /gpfs/projects/bsc19/bsc19533/autoparallel/fdtd-1d/userparallel/results/mn             3             -Xms16000m -Xmx92000m -Xmn1600m             0                          false             5             5             s21r2b17-ib0             43001             43177             48             0             0             automatic             automatic             automatic             -1             45e3ad41-90eb-4c60-9132-28a2aeae121a             python             /scratch/tmp/45e3ad41-90eb-4c60-9132-28a2aeae121a/s21r2b17-ib0             /apps/COMPSs/TrunkAutoParallel/Runtime/scripts/user/../../../             /gpfs/projects/bsc19/bsc19533/autoparallel/fdtd-1d/userparallel/results/mn             /gpfs/projects/bsc19/bsc19533/autoparallel/fdtd-1d/userparallel/results/mn             /gpfs/projects/bsc19/bsc19533/autoparallel/fdtd-1d/userparallel/results/mn             /home/bsc19/bsc19533/autoparallel/fdtd-1d/userparallel             0             null             1             null             compss 	    false
CMD Master: /apps/COMPSs/TrunkAutoParallel/Runtime/scripts/user/../../..//Runtime/scripts/user/runcompss --project=/scratch/tmp/project_mn_1523627421.xml             --resources=/scratch/tmp/resources_1523627421.xml             --uuid=45e3ad41-90eb-4c60-9132-28a2aeae121a             --specific_log_dir=/home/bsc19/bsc19533/autoparallel/fdtd-1d/userparallel/results/mn//.COMPSs/1439396/             --master_name=s20r2b47-ib0             --master_port=43177             --jvm_master_opts=""             --jvm_workers_opts="-Xms16000m,-Xmx92000m,-Xmn1600m"  --tracing=false --graph=false --summary --log_level=off --pythonpath=/home/bsc19/bsc19533/autoparallel/fdtd-1d/userparallel --lang=python /home/bsc19/bsc19533/autoparallel/fdtd-1d/userparallel/fdtd-1d.py 100 100
[  INFO] Using default execution type: compss

----------------- Executing fdtd-1d.py --------------------------

[(679)    API]  -  Starting COMPSs Runtime v2.2.rc1803 (build 20180411-1500.ra75f15f3c65db2209bf60a1004053b073d91d2fb)

[ WARNING ]:	guppy module is not installed.
		Guppy is a module needed for the local decorator.
		The local decorator allows you to define non-task functions which are able to
		handle synchronizations implictly.
		PyCOMPSs can work withouth guppy, but it is recommended to have it installed.
		You can install it via pip typing pip install guppy, or (probably) with your package manager.

RESULTS -----------------
VERSION USERPARALLEL
NSIZE 100
TSIZE 100
DEBUG False
TOTAL_TIME 106.311005116
INIT_TIME 3.10519504547
FDTD_TIME 103.20581007
-------------------------
[(110822)    API]  -  ------- COMPSs Task Execution Summary per Worker ------
[(110823)    API]  -  --- Summary for COMPSs Worker s21r2b17-ib0
[(110823)    API]  -  200 fdtd-1d.create_entry tasks have been executed
[(110823)    API]  -  9900 fdtd-1d.compute_e tasks have been executed
[(110823)    API]  -  9900 fdtd-1d.compute_h tasks have been executed
[(110823)    API]  -  --- Total executed tasks in COMPSs Worker s21r2b17-ib0: 20000
[(110823)    API]  -  -------------------------------------------------------
[(110823)    API]  -  
[(110823)    API]  -  ------------ COMPSs Task Execution Summary ------------
[(110823)    API]  -  200 fdtd-1d.create_entry tasks have been executed
[(110823)    API]  -  9900 fdtd-1d.compute_e tasks have been executed
[(110823)    API]  -  9900 fdtd-1d.compute_h tasks have been executed
[(110823)    API]  -  Total executed tasks: 20000
[(110823)    API]  -  -------------------------------------------------------
[(112535)    API]  -  Execution Finished

------------------------------------------------------------
Waiting for application completion
[persistent_worker.sh] Clean WD /scratch/tmp/45e3ad41-90eb-4c60-9132-28a2aeae121a/s21r2b17-ib0
---- Executing Epilog actions ----
Cleanup Worker TMP files
- Removing /scratch/tmp/45e3ad41-90eb-4c60-9132-28a2aeae121a
Cleanup TMP files
