-------- Launch arguments --------
Master:                    s07r2b36
Workers:                    s07r2b39
Tasks per Node:            -1
CPUs per Node:             48
GPUs per Node:             0
FPGAs per Node:            0
CPU Affinity:              automatic
GPU Affinity:              automatic
FPGA Affinity:             automatic
FPGA reprogram command:    
Network:                   -ib0
Worker in Master CPUs:     0
Worker in Master Memory:   92
Master Port:               43372
Master WD:                 /home/bsc19/bsc19533/autoparallel/cholesky/autoparallel/results/mn/
Worker WD:                 /scratch/tmp
Master JVM Opts:           
Workers JVM Opts:          -Xms16000m,-Xmx92000m,-Xmn1600m
Worker in Master JVM Opts: 
Library Path:              /gpfs/projects/bsc19/bsc19533/autoparallel/cholesky/autoparallel/results/mn
Classpath:                 /gpfs/projects/bsc19/bsc19533/autoparallel/cholesky/autoparallel/results/mn
Pythonpath:                /home/bsc19/bsc19533/autoparallel/cholesky/autoparallel
Appdir:			   /gpfs/projects/bsc19/bsc19533/autoparallel/cholesky/autoparallel/results/mn
Lang:                      python
COMM:                      es.bsc.compss.nio.master.NIOAdaptor
Prolog:                    
Epilog:                    
Storage conf:              null
Task execution:            compss
To COMPSs:                  --tracing=false --graph=false --summary --log_level=off --pythonpath=/home/bsc19/bsc19533/autoparallel/cholesky/autoparallel --lang=python /home/bsc19/bsc19533/autoparallel/cholesky/autoparallel/cholesky.py 16 2048
-----------------------------------
 
Master will run in s07r2b36
List of workers:  s07r2b39
Worker WD mkdir: srun -n1 -N1 --nodelist=s07r2b39 mkdir -p /scratch/tmp
Generation of resources and project file finished
Project.xml:   /scratch/tmp/project_mn_1523626658.xml
Resources.xml: /scratch/tmp/resources_1523626658.xml
---- Executing Prolog actions ----
------ Launching application ------
CMD Worker 1 launcher: srun -n1 -N1 --nodelist=s07r2b39 /apps/COMPSs/TrunkAutoParallel/Runtime/scripts/user/../../..//Runtime/scripts/system/adaptors/nio/persistent_worker_starter.sh /gpfs/projects/bsc19/bsc19533/autoparallel/cholesky/autoparallel/results/mn             /gpfs/projects/bsc19/bsc19533/autoparallel/cholesky/autoparallel/results/mn             /gpfs/projects/bsc19/bsc19533/autoparallel/cholesky/autoparallel/results/mn             3             -Xms16000m -Xmx92000m -Xmn1600m             0                          false             5             5             s07r2b39-ib0             43001             43372             48             0             0             automatic             automatic             automatic             -1             20546a86-5289-4904-b9d6-e9a308fd173d             python             /scratch/tmp/20546a86-5289-4904-b9d6-e9a308fd173d/s07r2b39-ib0             /apps/COMPSs/TrunkAutoParallel/Runtime/scripts/user/../../../             /gpfs/projects/bsc19/bsc19533/autoparallel/cholesky/autoparallel/results/mn             /gpfs/projects/bsc19/bsc19533/autoparallel/cholesky/autoparallel/results/mn             /gpfs/projects/bsc19/bsc19533/autoparallel/cholesky/autoparallel/results/mn             /home/bsc19/bsc19533/autoparallel/cholesky/autoparallel             0             null             1             null             compss 	    false
CMD Master: /apps/COMPSs/TrunkAutoParallel/Runtime/scripts/user/../../..//Runtime/scripts/user/runcompss --project=/scratch/tmp/project_mn_1523626658.xml             --resources=/scratch/tmp/resources_1523626658.xml             --uuid=20546a86-5289-4904-b9d6-e9a308fd173d             --specific_log_dir=/home/bsc19/bsc19533/autoparallel/cholesky/autoparallel/results/mn//.COMPSs/1438873/             --master_name=s07r2b36-ib0             --master_port=43372             --jvm_master_opts=""             --jvm_workers_opts="-Xms16000m,-Xmx92000m,-Xmn1600m"  --tracing=false --graph=false --summary --log_level=off --pythonpath=/home/bsc19/bsc19533/autoparallel/cholesky/autoparallel --lang=python /home/bsc19/bsc19533/autoparallel/cholesky/autoparallel/cholesky.py 16 2048
[  INFO] Using default execution type: compss

----------------- Executing cholesky.py --------------------------

[(602)    API]  -  Starting COMPSs Runtime v2.2.rc1803 (build 20180411-1500.ra75f15f3c65db2209bf60a1004053b073d91d2fb)

[ WARNING ]:	guppy module is not installed.
		Guppy is a module needed for the local decorator.
		The local decorator allows you to define non-task functions which are able to
		handle synchronizations implictly.
		PyCOMPSs can work withouth guppy, but it is recommended to have it installed.
		You can install it via pip typing pip install guppy, or (probably) with your package manager.

RESULTS -----------------
VERSION AUTOPARALLEL
MSIZE 16
BSIZE 2048
DEBUG False
TOTAL_TIME 114.075875044
INIT_TIME 47.6053421497
CHOLESKY_TIME 66.4705328941
-------------------------
[(116215)    API]  -  ------- COMPSs Task Execution Summary per Worker ------
[(116216)    API]  -  --- Summary for COMPSs Worker s07r2b39-ib0
[(116216)    API]  -  136 cholesky.create_block tasks have been executed
[(116216)    API]  -  16 cholesky.S1 tasks have been executed
[(116216)    API]  -  120 cholesky.S2 tasks have been executed
[(116216)    API]  -  120 cholesky.S3 tasks have been executed
[(116216)    API]  -  680 cholesky.S4 tasks have been executed
[(116216)    API]  -  --- Total executed tasks in COMPSs Worker s07r2b39-ib0: 1072
[(116216)    API]  -  -------------------------------------------------------
[(116216)    API]  -  
[(116216)    API]  -  ------------ COMPSs Task Execution Summary ------------
[(116216)    API]  -  136 cholesky.create_block tasks have been executed
[(116216)    API]  -  16 cholesky.S1 tasks have been executed
[(116216)    API]  -  120 cholesky.S2 tasks have been executed
[(116216)    API]  -  120 cholesky.S3 tasks have been executed
[(116216)    API]  -  680 cholesky.S4 tasks have been executed
[(116216)    API]  -  Total executed tasks: 1072
[(116216)    API]  -  -------------------------------------------------------
[(122306)    API]  -  Execution Finished
[persistent_worker.sh] Clean WD /scratch/tmp/20546a86-5289-4904-b9d6-e9a308fd173d/s07r2b39-ib0

------------------------------------------------------------
Waiting for application completion
---- Executing Epilog actions ----
Cleanup Worker TMP files
- Removing /scratch/tmp/20546a86-5289-4904-b9d6-e9a308fd173d
Cleanup TMP files
