-------- Launch arguments --------
Master:                    s18r2b22
Workers:                    s24r2b47
Tasks per Node:            -1
CPUs per Node:             48
GPUs per Node:             0
FPGAs per Node:            0
CPU Affinity:              automatic
GPU Affinity:              automatic
FPGA Affinity:             automatic
FPGA reprogram command:    
Network:                   -ib0
Worker in Master CPUs:     0
Worker in Master Memory:   92
Master Port:               43727
Master WD:                 /home/bsc19/bsc19533/autoparallel/cholesky/userparallel/results/mn/
Worker WD:                 /scratch/tmp
Master JVM Opts:           
Workers JVM Opts:          -Xms16000m,-Xmx92000m,-Xmn1600m
Worker in Master JVM Opts: 
Library Path:              /gpfs/projects/bsc19/bsc19533/autoparallel/cholesky/userparallel/results/mn
Classpath:                 /gpfs/projects/bsc19/bsc19533/autoparallel/cholesky/userparallel/results/mn
Pythonpath:                /home/bsc19/bsc19533/autoparallel/cholesky/userparallel
Appdir:			   /gpfs/projects/bsc19/bsc19533/autoparallel/cholesky/userparallel/results/mn
Lang:                      python
COMM:                      es.bsc.compss.nio.master.NIOAdaptor
Prolog:                    
Epilog:                    
Storage conf:              null
Task execution:            compss
To COMPSs:                  --tracing=false --graph=false --summary --log_level=off --pythonpath=/home/bsc19/bsc19533/autoparallel/cholesky/userparallel --lang=python /home/bsc19/bsc19533/autoparallel/cholesky/userparallel/cholesky.py 16 2048
-----------------------------------
 
Master will run in s18r2b22
List of workers:  s24r2b47
Worker WD mkdir: srun -n1 -N1 --nodelist=s24r2b47 mkdir -p /scratch/tmp
Generation of resources and project file finished
Project.xml:   /scratch/tmp/project_mn_1523630668.xml
Resources.xml: /scratch/tmp/resources_1523630668.xml
---- Executing Prolog actions ----
------ Launching application ------
CMD Worker 1 launcher: srun -n1 -N1 --nodelist=s24r2b47 /apps/COMPSs/TrunkAutoParallel/Runtime/scripts/user/../../..//Runtime/scripts/system/adaptors/nio/persistent_worker_starter.sh /gpfs/projects/bsc19/bsc19533/autoparallel/cholesky/userparallel/results/mn             /gpfs/projects/bsc19/bsc19533/autoparallel/cholesky/userparallel/results/mn             /gpfs/projects/bsc19/bsc19533/autoparallel/cholesky/userparallel/results/mn             3             -Xms16000m -Xmx92000m -Xmn1600m             0                          false             5             5             s24r2b47-ib0             43001             43727             48             0             0             automatic             automatic             automatic             -1             92425cb1-c041-45dd-a835-cfdfa5bee08e             python             /scratch/tmp/92425cb1-c041-45dd-a835-cfdfa5bee08e/s24r2b47-ib0             /apps/COMPSs/TrunkAutoParallel/Runtime/scripts/user/../../../             /gpfs/projects/bsc19/bsc19533/autoparallel/cholesky/userparallel/results/mn             /gpfs/projects/bsc19/bsc19533/autoparallel/cholesky/userparallel/results/mn             /gpfs/projects/bsc19/bsc19533/autoparallel/cholesky/userparallel/results/mn             /home/bsc19/bsc19533/autoparallel/cholesky/userparallel             0             null             1             null             compss 	    false
CMD Master: /apps/COMPSs/TrunkAutoParallel/Runtime/scripts/user/../../..//Runtime/scripts/user/runcompss --project=/scratch/tmp/project_mn_1523630668.xml             --resources=/scratch/tmp/resources_1523630668.xml             --uuid=92425cb1-c041-45dd-a835-cfdfa5bee08e             --specific_log_dir=/home/bsc19/bsc19533/autoparallel/cholesky/userparallel/results/mn//.COMPSs/1438875/             --master_name=s18r2b22-ib0             --master_port=43727             --jvm_master_opts=""             --jvm_workers_opts="-Xms16000m,-Xmx92000m,-Xmn1600m"  --tracing=false --graph=false --summary --log_level=off --pythonpath=/home/bsc19/bsc19533/autoparallel/cholesky/userparallel --lang=python /home/bsc19/bsc19533/autoparallel/cholesky/userparallel/cholesky.py 16 2048
[  INFO] Using default execution type: compss

----------------- Executing cholesky.py --------------------------

[(706)    API]  -  Starting COMPSs Runtime v2.2.rc1803 (build 20180411-1500.ra75f15f3c65db2209bf60a1004053b073d91d2fb)

[ WARNING ]:	guppy module is not installed.
		Guppy is a module needed for the local decorator.
		The local decorator allows you to define non-task functions which are able to
		handle synchronizations implictly.
		PyCOMPSs can work withouth guppy, but it is recommended to have it installed.
		You can install it via pip typing pip install guppy, or (probably) with your package manager.

RESULTS -----------------
VERSION USERPARALLEL
MSIZE 16
BSIZE 2048
DEBUG False
TOTAL_TIME 103.506570101
INIT_TIME 51.0036761761
CHOLESKY_TIME 52.5028939247
-------------------------
[(105415)    API]  -  ------- COMPSs Task Execution Summary per Worker ------
[(105415)    API]  -  --- Summary for COMPSs Worker s24r2b47-ib0
[(105416)    API]  -  136 cholesky.create_block tasks have been executed
[(105416)    API]  -  16 cholesky.potrf tasks have been executed
[(105416)    API]  -  120 cholesky.solve_triangular tasks have been executed
[(105416)    API]  -  680 cholesky.gemm tasks have been executed
[(105416)    API]  -  0 cholesky.syrk tasks have been executed
[(105416)    API]  -  --- Total executed tasks in COMPSs Worker s24r2b47-ib0: 952
[(105416)    API]  -  -------------------------------------------------------
[(105416)    API]  -  
[(105416)    API]  -  ------------ COMPSs Task Execution Summary ------------
[(105416)    API]  -  136 cholesky.create_block tasks have been executed
[(105416)    API]  -  16 cholesky.potrf tasks have been executed
[(105416)    API]  -  120 cholesky.solve_triangular tasks have been executed
[(105416)    API]  -  680 cholesky.gemm tasks have been executed
[(105416)    API]  -  0 cholesky.syrk tasks have been executed
[(105416)    API]  -  Total executed tasks: 952
[(105416)    API]  -  -------------------------------------------------------
[(110975)    API]  -  Execution Finished

------------------------------------------------------------
Waiting for application completion
[persistent_worker.sh] Clean WD /scratch/tmp/92425cb1-c041-45dd-a835-cfdfa5bee08e/s24r2b47-ib0
---- Executing Epilog actions ----
Cleanup Worker TMP files
- Removing /scratch/tmp/92425cb1-c041-45dd-a835-cfdfa5bee08e
Cleanup TMP files
